[2023-12-12 01:56:00 : INFO] - Re_Smush_It_Task server status: Online 
[2023-12-12 01:56:01 : INFO] - A total of 35 tasks of type smush found and will be processed in this iteration 
[2023-12-12 01:56:01 : DEBUG] - Lock option (updraft_lock_smush, wp_options) was created in the database 
[2023-12-12 01:56:01 : INFO] - Lock (updraft_lock_smush, wp_options) acquired after initialising the database 
[2023-12-12 01:56:01 : INFO] - Processing task with ID : 1, and type 'smush' 
[2023-12-12 01:56:01 : INFO] - Re_Smush_It_Task - Attachment ID : 1220, Started on : December 12, 2023 01:56:00 
[2023-12-12 01:56:01 : INFO] - File: StockSnap_08TH4N0XCS.jpg, Compression quality: 92 
[2023-12-12 01:56:04 : INFO] - Backing up the original image - 2019/02/StockSnap_08TH4N0XCS-updraft-pre-smush-original.jpg 
[2023-12-12 01:56:18 : INFO] - There were no WebP conversion tools found on your server. 
[2023-12-12 01:56:18 : INFO] - Successfully optimized the image - C:\wamp64\www\merrybeeslayout-1/wp-content/uploads/2019/02/StockSnap_08TH4N0XCS.jpg.The file was compressed from 579.49 KB to 521.36 KB, saving 10.03 percent, using WP-Optimize 
[2023-12-12 01:56:18 : INFO] - Completed processing task with ID : 1, and type 'smush' 
[2023-12-12 01:56:18 : INFO] - Processing task with ID : 2, and type 'smush' 
[2023-12-12 01:56:18 : INFO] - Re_Smush_It_Task - Attachment ID : 1221, Started on : December 12, 2023 01:56:00 
[2023-12-12 01:56:18 : INFO] - File: StockSnap_41OTX8QXSK.jpg, Compression quality: 92 
[2023-12-12 01:56:21 : INFO] - Backing up the original image - 2019/02/StockSnap_41OTX8QXSK-updraft-pre-smush-original.jpg 
[2023-12-12 01:56:32 : INFO] - There were no WebP conversion tools found on your server. 
[2023-12-12 01:56:32 : INFO] - Successfully optimized the image - C:\wamp64\www\merrybeeslayout-1/wp-content/uploads/2019/02/StockSnap_41OTX8QXSK.jpg.The file was compressed from 223.30 KB to 211.11 KB, saving 5.46 percent, using WP-Optimize 
[2023-12-12 01:56:32 : INFO] - Completed processing task with ID : 2, and type 'smush' 
[2023-12-12 01:56:32 : INFO] - Processing task with ID : 3, and type 'smush' 
[2023-12-12 01:56:32 : INFO] - Re_Smush_It_Task - Attachment ID : 1222, Started on : December 12, 2023 01:56:00 
[2023-12-12 01:56:32 : INFO] - File: StockSnap_ALVGSSERRY.jpg, Compression quality: 92 
[2023-12-12 01:56:35 : INFO] - Backing up the original image - 2019/02/StockSnap_ALVGSSERRY-updraft-pre-smush-original.jpg 
[2023-12-12 01:56:43 : INFO] - There were no WebP conversion tools found on your server. 
[2023-12-12 01:56:43 : INFO] - Successfully optimized the image - C:\wamp64\www\merrybeeslayout-1/wp-content/uploads/2019/02/StockSnap_ALVGSSERRY.jpg.The file was compressed from 221.76 KB to 196.84 KB, saving 11.24 percent, using WP-Optimize 
[2023-12-12 01:56:43 : INFO] - Completed processing task with ID : 3, and type 'smush' 
[2023-12-12 01:56:43 : INFO] - Processing task with ID : 4, and type 'smush' 
[2023-12-12 01:56:43 : INFO] - Re_Smush_It_Task - Attachment ID : 1223, Started on : December 12, 2023 01:56:00 
[2023-12-12 01:56:43 : INFO] - File: StockSnap_CZ9XHLROWX.jpg, Compression quality: 92 
[2023-12-12 01:56:46 : INFO] - Backing up the original image - 2019/02/StockSnap_CZ9XHLROWX-updraft-pre-smush-original.jpg 
[2023-12-12 01:56:58 : INFO] - There were no WebP conversion tools found on your server. 
[2023-12-12 01:56:58 : INFO] - Successfully optimized the image - C:\wamp64\www\merrybeeslayout-1/wp-content/uploads/2019/02/StockSnap_CZ9XHLROWX.jpg.The file was compressed from 252.09 KB to 247.04 KB, saving 2 percent, using WP-Optimize 
[2023-12-12 01:56:58 : INFO] - Completed processing task with ID : 4, and type 'smush' 
[2023-12-12 01:56:58 : INFO] - Processing task with ID : 5, and type 'smush' 
[2023-12-12 01:56:58 : INFO] - Re_Smush_It_Task - Attachment ID : 1224, Started on : December 12, 2023 01:56:00 
[2023-12-12 01:56:58 : INFO] - File: StockSnap_IR28H3CMQG.jpg, Compression quality: 92 
[2023-12-12 01:57:01 : INFO] - Backing up the original image - 2019/02/StockSnap_IR28H3CMQG-updraft-pre-smush-original.jpg 
[2023-12-12 01:57:01 : INFO] - A total of 31 tasks of type smush found and will be processed in this iteration 
[2023-12-12 01:57:01 : DEBUG] - Lock option (updraft_lock_smush, wp_options) already existed in the database 
[2023-12-12 01:57:01 : INFO] - Lock (updraft_lock_smush, wp_options) could not be acquired (it is locked) 
[2023-12-12 01:57:01 : INFO] - Failed to gain semaphore lock (smush) - another process is already processing the queue - aborting (if this is wrong - i.e. if the other process crashed without removing the lock, then another can be started after 1 minute 
[2023-12-12 01:57:01 : INFO] - Cleaning up tasks of type (smush). A total of 4 tasks will be deleted. 
[2023-12-12 01:57:10 : INFO] - There were no WebP conversion tools found on your server. 
[2023-12-12 01:57:10 : INFO] - Successfully optimized the image - C:\wamp64\www\merrybeeslayout-1/wp-content/uploads/2019/02/StockSnap_IR28H3CMQG.jpg.The file was compressed from 147.85 KB to 134.24 KB, saving 9.2 percent, using WP-Optimize 
[2023-12-12 01:57:10 : INFO] - Completed processing task with ID : 5, and type 'smush' 
[2023-12-12 01:57:10 : INFO] - Processing task with ID : 6, and type 'smush' 
[2023-12-12 01:57:10 : INFO] - Re_Smush_It_Task - Attachment ID : 1225, Started on : December 12, 2023 01:56:00 
[2023-12-12 01:57:10 : INFO] - File: StockSnap_KQECHSBAOC.jpg, Compression quality: 92 
[2023-12-12 01:57:13 : INFO] - Backing up the original image - 2019/02/StockSnap_KQECHSBAOC-updraft-pre-smush-original.jpg 
[2023-12-12 01:57:23 : INFO] - There were no WebP conversion tools found on your server. 
[2023-12-12 01:57:23 : INFO] - Successfully optimized the image - C:\wamp64\www\merrybeeslayout-1/wp-content/uploads/2019/02/StockSnap_KQECHSBAOC.jpg.The file was compressed from 157.11 KB to 146.06 KB, saving 7.04 percent, using WP-Optimize 
[2023-12-12 01:57:23 : INFO] - Completed processing task with ID : 6, and type 'smush' 
[2023-12-12 01:57:23 : INFO] - Processing task with ID : 7, and type 'smush' 
[2023-12-12 01:57:23 : INFO] - Re_Smush_It_Task - Attachment ID : 1226, Started on : December 12, 2023 01:56:00 
[2023-12-12 01:57:23 : INFO] - File: StockSnap_MO7PZ7AYIC.jpg, Compression quality: 92 
[2023-12-12 01:57:26 : INFO] - Backing up the original image - 2019/02/StockSnap_MO7PZ7AYIC-updraft-pre-smush-original.jpg 
[2023-12-12 01:57:37 : INFO] - There were no WebP conversion tools found on your server. 
[2023-12-12 01:57:37 : INFO] - Successfully optimized the image - C:\wamp64\www\merrybeeslayout-1/wp-content/uploads/2019/02/StockSnap_MO7PZ7AYIC.jpg.The file was compressed from 214.58 KB to 200.97 KB, saving 6.34 percent, using WP-Optimize 
[2023-12-12 01:57:37 : INFO] - Completed processing task with ID : 7, and type 'smush' 
[2023-12-12 01:57:38 : INFO] - Processing task with ID : 8, and type 'smush' 
[2023-12-12 01:57:38 : INFO] - Re_Smush_It_Task - Attachment ID : 1227, Started on : December 12, 2023 01:56:00 
[2023-12-12 01:57:38 : INFO] - File: StockSnap_O8LEZTLUWB.jpg, Compression quality: 92 
[2023-12-12 01:57:40 : INFO] - Backing up the original image - 2019/02/StockSnap_O8LEZTLUWB-updraft-pre-smush-original.jpg 
[2023-12-12 01:57:49 : INFO] - There were no WebP conversion tools found on your server. 
[2023-12-12 01:57:49 : INFO] - Successfully optimized the image - C:\wamp64\www\merrybeeslayout-1/wp-content/uploads/2019/02/StockSnap_O8LEZTLUWB.jpg.The file was compressed from 200.89 KB to 186.44 KB, saving 7.2 percent, using WP-Optimize 
[2023-12-12 01:57:49 : INFO] - Completed processing task with ID : 8, and type 'smush' 
[2023-12-12 01:57:49 : INFO] - Processing task with ID : 9, and type 'smush' 
[2023-12-12 01:57:49 : INFO] - Re_Smush_It_Task - Attachment ID : 1240, Started on : December 12, 2023 01:56:00 
[2023-12-12 01:57:49 : INFO] - File: StockSnap_QXVSHD5FLF.jpg, Compression quality: 92 
[2023-12-12 01:57:51 : INFO] - Backing up the original image - 2019/02/StockSnap_QXVSHD5FLF-updraft-pre-smush-original.jpg 
[2023-12-12 01:58:01 : INFO] - There were no WebP conversion tools found on your server. 
[2023-12-12 01:58:01 : INFO] - Successfully optimized the image - C:\wamp64\www\merrybeeslayout-1/wp-content/uploads/2019/02/StockSnap_QXVSHD5FLF.jpg.The file was compressed from 142.35 KB to 128.31 KB, saving 9.86 percent, using WP-Optimize 
[2023-12-12 01:58:01 : INFO] - Completed processing task with ID : 9, and type 'smush' 
[2023-12-12 01:58:01 : INFO] - Processing task with ID : 10, and type 'smush' 
[2023-12-12 01:58:01 : INFO] - Re_Smush_It_Task - Attachment ID : 1241, Started on : December 12, 2023 01:56:00 
[2023-12-12 01:58:01 : INFO] - File: StockSnap_RQ7E0GUKQZ.jpg, Compression quality: 92 
[2023-12-12 01:58:03 : INFO] - Backing up the original image - 2019/02/StockSnap_RQ7E0GUKQZ-updraft-pre-smush-original.jpg 
[2023-12-12 01:58:13 : INFO] - There were no WebP conversion tools found on your server. 
[2023-12-12 01:58:13 : INFO] - Successfully optimized the image - C:\wamp64\www\merrybeeslayout-1/wp-content/uploads/2019/02/StockSnap_RQ7E0GUKQZ.jpg.The file was compressed from 203.96 KB to 185.09 KB, saving 9.25 percent, using WP-Optimize 
[2023-12-12 01:58:13 : INFO] - Completed processing task with ID : 10, and type 'smush' 
[2023-12-12 01:58:13 : INFO] - Processing task with ID : 11, and type 'smush' 
[2023-12-12 01:58:13 : INFO] - Re_Smush_It_Task - Attachment ID : 1242, Started on : December 12, 2023 01:56:00 
[2023-12-12 01:58:13 : INFO] - File: StockSnap_TE9BDY8EYB.jpg, Compression quality: 92 
[2023-12-12 01:58:15 : INFO] - Backing up the original image - 2019/02/StockSnap_TE9BDY8EYB-updraft-pre-smush-original.jpg 
[2023-12-12 01:58:26 : INFO] - There were no WebP conversion tools found on your server. 
[2023-12-12 01:58:26 : INFO] - Successfully optimized the image - C:\wamp64\www\merrybeeslayout-1/wp-content/uploads/2019/02/StockSnap_TE9BDY8EYB.jpg.The file was compressed from 168.68 KB to 150.25 KB, saving 10.93 percent, using WP-Optimize 
[2023-12-12 01:58:26 : INFO] - Completed processing task with ID : 11, and type 'smush' 
[2023-12-12 01:58:26 : INFO] - Processing task with ID : 12, and type 'smush' 
[2023-12-12 01:58:26 : INFO] - Re_Smush_It_Task - Attachment ID : 1243, Started on : December 12, 2023 01:56:00 
[2023-12-12 01:58:26 : INFO] - File: StockSnap_0FMO7ARXDL.jpg, Compression quality: 92 
[2023-12-12 01:58:29 : INFO] - Backing up the original image - 2019/02/StockSnap_0FMO7ARXDL-updraft-pre-smush-original.jpg 
[2023-12-12 01:58:41 : INFO] - There were no WebP conversion tools found on your server. 
[2023-12-12 01:58:41 : INFO] - Successfully optimized the image - C:\wamp64\www\merrybeeslayout-1/wp-content/uploads/2019/02/StockSnap_0FMO7ARXDL.jpg.The file was compressed from 372.36 KB to 354.73 KB, saving 4.74 percent, using WP-Optimize 
[2023-12-12 01:58:41 : INFO] - Completed processing task with ID : 12, and type 'smush' 
[2023-12-12 01:58:41 : INFO] - Processing task with ID : 13, and type 'smush' 
[2023-12-12 01:58:41 : INFO] - Re_Smush_It_Task - Attachment ID : 1246, Started on : December 12, 2023 01:56:00 
[2023-12-12 01:58:41 : INFO] - File: StockSnap_UUW7JAWUU1.jpg, Compression quality: 92 
[2023-12-12 01:58:44 : INFO] - Backing up the original image - 2019/02/StockSnap_UUW7JAWUU1-updraft-pre-smush-original.jpg 
[2023-12-12 01:58:53 : INFO] - There were no WebP conversion tools found on your server. 
[2023-12-12 01:58:53 : INFO] - Successfully optimized the image - C:\wamp64\www\merrybeeslayout-1/wp-content/uploads/2019/02/StockSnap_UUW7JAWUU1.jpg.The file was compressed from 110.51 KB to 96.00 KB, saving 13.13 percent, using WP-Optimize 
[2023-12-12 01:58:53 : INFO] - Completed processing task with ID : 13, and type 'smush' 
[2023-12-12 01:58:53 : INFO] - Processing task with ID : 14, and type 'smush' 
[2023-12-12 01:58:53 : INFO] - Re_Smush_It_Task - Attachment ID : 1392, Started on : December 12, 2023 01:56:00 
[2023-12-12 01:58:53 : INFO] - File: popularis-verse-logo.png, Compression quality: 92 
[2023-12-12 01:58:54 : INFO] - Backing up the original image - 2023/09/popularis-verse-logo-updraft-pre-smush-original.png 
[2023-12-12 01:58:55 : INFO] - There were no WebP conversion tools found on your server. 
[2023-12-12 01:58:55 : INFO] - Successfully optimized the image - C:\wamp64\www\merrybeeslayout-1/wp-content/uploads/2023/09/popularis-verse-logo.png.The file was compressed from 2.08 KB to 1.19 KB, saving 42.58 percent, using WP-Optimize 
[2023-12-12 01:58:55 : INFO] - Completed processing task with ID : 14, and type 'smush' 
[2023-12-12 01:58:55 : INFO] - Processing task with ID : 15, and type 'smush' 
[2023-12-12 01:58:55 : INFO] - Re_Smush_It_Task - Attachment ID : 1413, Started on : December 12, 2023 01:56:00 
[2023-12-12 01:58:55 : INFO] - File: merrymedia-logo-01.png, Compression quality: 92 
[2023-12-12 01:58:56 : INFO] - Backing up the original image - 2023/12/merrymedia-logo-01-updraft-pre-smush-original.png 
[2023-12-12 01:59:03 : INFO] - There were no WebP conversion tools found on your server. 
[2023-12-12 01:59:03 : INFO] - Successfully optimized the image - C:\wamp64\www\merrybeeslayout-1/wp-content/uploads/2023/12/merrymedia-logo-01.png.The file was compressed from 30.75 KB to 9.84 KB, saving 68.01 percent, using WP-Optimize 
[2023-12-12 01:59:03 : INFO] - Completed processing task with ID : 15, and type 'smush' 
[2023-12-12 01:59:03 : INFO] - Processing task with ID : 16, and type 'smush' 
[2023-12-12 01:59:03 : INFO] - Re_Smush_It_Task - Attachment ID : 1414, Started on : December 12, 2023 01:56:00 
[2023-12-12 01:59:03 : INFO] - File: cropped-merrymedia-logo-01.png, Compression quality: 92 
[2023-12-12 01:59:05 : INFO] - Backing up the original image - 2023/12/cropped-merrymedia-logo-01-updraft-pre-smush-original.png 
[2023-12-12 01:59:06 : INFO] - A total of 20 tasks of type smush found and will be processed in this iteration 
[2023-12-12 01:59:06 : DEBUG] - Lock option (updraft_lock_smush, wp_options) already existed in the database 
[2023-12-12 01:59:06 : INFO] - Lock (updraft_lock_smush, wp_options) could not be acquired (it is locked) 
[2023-12-12 01:59:06 : INFO] - Failed to gain semaphore lock (smush) - another process is already processing the queue - aborting (if this is wrong - i.e. if the other process crashed without removing the lock, then another can be started after 1 minute 
[2023-12-12 01:59:06 : INFO] - Cleaning up tasks of type (smush). A total of 11 tasks will be deleted. 
[2023-12-12 01:59:11 : INFO] - There were no WebP conversion tools found on your server. 
[2023-12-12 01:59:11 : INFO] - Successfully optimized the image - C:\wamp64\www\merrybeeslayout-1/wp-content/uploads/2023/12/cropped-merrymedia-logo-01.png.The file was compressed from 19.12 KB to 9.84 KB, saving 48.56 percent, using WP-Optimize 
[2023-12-12 01:59:11 : INFO] - Completed processing task with ID : 16, and type 'smush' 
[2023-12-12 01:59:11 : INFO] - Processing task with ID : 17, and type 'smush' 
[2023-12-12 01:59:11 : INFO] - Re_Smush_It_Task - Attachment ID : 1416, Started on : December 12, 2023 01:56:00 
[2023-12-12 01:59:11 : INFO] - File: merrymedia-logo-02.png, Compression quality: 92 
[2023-12-12 01:59:13 : INFO] - Backing up the original image - 2023/12/merrymedia-logo-02-updraft-pre-smush-original.png 
[2023-12-12 01:59:15 : INFO] - There were no WebP conversion tools found on your server. 
[2023-12-12 01:59:15 : INFO] - Successfully optimized the image - C:\wamp64\www\merrybeeslayout-1/wp-content/uploads/2023/12/merrymedia-logo-02.png.The file was compressed from 17.31 KB to 3.50 KB, saving 79.77 percent, using WP-Optimize 
[2023-12-12 01:59:15 : INFO] - Completed processing task with ID : 17, and type 'smush' 
[2023-12-12 01:59:15 : INFO] - Processing task with ID : 18, and type 'smush' 
[2023-12-12 01:59:15 : INFO] - Re_Smush_It_Task - Attachment ID : 1417, Started on : December 12, 2023 01:56:00 
[2023-12-12 01:59:15 : INFO] - File: cropped-merrymedia-logo-02.png, Compression quality: 92 
[2023-12-12 01:59:16 : INFO] - Backing up the original image - 2023/12/cropped-merrymedia-logo-02-updraft-pre-smush-original.png 
[2023-12-12 01:59:22 : INFO] - There were no WebP conversion tools found on your server. 
[2023-12-12 01:59:22 : INFO] - Successfully optimized the image - C:\wamp64\www\merrybeeslayout-1/wp-content/uploads/2023/12/cropped-merrymedia-logo-02.png.The file was compressed from 7.27 KB to 3.50 KB, saving 51.85 percent, using WP-Optimize 
[2023-12-12 01:59:22 : INFO] - Completed processing task with ID : 18, and type 'smush' 
[2023-12-12 01:59:22 : INFO] - Processing task with ID : 19, and type 'smush' 
[2023-12-12 01:59:22 : INFO] - Re_Smush_It_Task - Attachment ID : 1420, Started on : December 12, 2023 01:56:00 
[2023-12-12 01:59:22 : INFO] - File: 46049c48-92d0-4a16-a1df-89c0af37e424.jpg, Compression quality: 92 
[2023-12-12 01:59:25 : INFO] - Backing up the original image - 2023/12/46049c48-92d0-4a16-a1df-89c0af37e424-updraft-pre-smush-original.jpg 
[2023-12-12 01:59:37 : INFO] - There were no WebP conversion tools found on your server. 
[2023-12-12 01:59:37 : INFO] - Successfully optimized the image - C:\wamp64\www\merrybeeslayout-1/wp-content/uploads/2023/12/46049c48-92d0-4a16-a1df-89c0af37e424.jpg.The file was compressed from 289.83 KB to 257.66 KB, saving 11.1 percent, using WP-Optimize 
[2023-12-12 01:59:37 : INFO] - Completed processing task with ID : 19, and type 'smush' 
[2023-12-12 01:59:37 : INFO] - Processing task with ID : 20, and type 'smush' 
[2023-12-12 01:59:37 : INFO] - Re_Smush_It_Task - Attachment ID : 1421, Started on : December 12, 2023 01:56:00 
[2023-12-12 01:59:37 : INFO] - File: Daniel-and-April-Sat-31-Aug.jpg, Compression quality: 92 
[2023-12-12 01:59:41 : INFO] - Backing up the original image - 2023/12/Daniel-and-April-Sat-31-Aug-updraft-pre-smush-original.jpg 
[2023-12-12 01:59:53 : INFO] - There were no WebP conversion tools found on your server. 
[2023-12-12 01:59:53 : INFO] - Successfully optimized the image - C:\wamp64\www\merrybeeslayout-1/wp-content/uploads/2023/12/Daniel-and-April-Sat-31-Aug.jpg.The file was compressed from 1.16 MB to 470.30 KB, saving 60.41 percent, using WP-Optimize 
[2023-12-12 01:59:53 : INFO] - Completed processing task with ID : 20, and type 'smush' 
[2023-12-12 01:59:53 : INFO] - Processing task with ID : 21, and type 'smush' 
[2023-12-12 01:59:53 : INFO] - Re_Smush_It_Task - Attachment ID : 1422, Started on : December 12, 2023 01:56:00 
[2023-12-12 01:59:53 : INFO] - File: WhatsApp-Image-2019-09-03-at-12.36.14.jpeg, Compression quality: 92 
[2023-12-12 01:59:55 : INFO] - Backing up the original image - 2023/12/WhatsApp-Image-2019-09-03-at-12.36.14-updraft-pre-smush-original.jpeg 
[2023-12-12 02:00:06 : INFO] - A total of 15 tasks of type smush found and will be processed in this iteration 
[2023-12-12 02:00:06 : DEBUG] - Lock option (updraft_lock_smush, wp_options) already existed in the database 
[2023-12-12 02:00:06 : INFO] - Lock (updraft_lock_smush, wp_options) could not be acquired (it is locked) 
[2023-12-12 02:00:06 : INFO] - Failed to gain semaphore lock (smush) - another process is already processing the queue - aborting (if this is wrong - i.e. if the other process crashed without removing the lock, then another can be started after 1 minute 
[2023-12-12 02:00:06 : INFO] - Cleaning up tasks of type (smush). A total of 5 tasks will be deleted. 
[2023-12-12 02:00:07 : INFO] - There were no WebP conversion tools found on your server. 
[2023-12-12 02:00:07 : INFO] - Successfully optimized the image - C:\wamp64\www\merrybeeslayout-1/wp-content/uploads/2023/12/WhatsApp-Image-2019-09-03-at-12.36.14.jpeg.The file was compressed from 264.17 KB to 259.03 KB, saving 1.95 percent, using WP-Optimize 
[2023-12-12 02:00:07 : INFO] - Completed processing task with ID : 21, and type 'smush' 
[2023-12-12 02:00:07 : INFO] - Processing task with ID : 22, and type 'smush' 
[2023-12-12 02:00:07 : INFO] - Re_Smush_It_Task - Attachment ID : 1424, Started on : December 12, 2023 01:56:00 
[2023-12-12 02:00:07 : INFO] - File: 230.png, Compression quality: 92 
[2023-12-12 02:00:08 : INFO] - Backing up the original image - 2023/12/230-updraft-pre-smush-original.png 
[2023-12-12 02:00:11 : INFO] - There were no WebP conversion tools found on your server. 
[2023-12-12 02:00:11 : INFO] - Successfully optimized the image - C:\wamp64\www\merrybeeslayout-1/wp-content/uploads/2023/12/230.png.The file was compressed from 39.01 KB to 17.38 KB, saving 55.44 percent, using WP-Optimize 
[2023-12-12 02:00:11 : INFO] - Completed processing task with ID : 22, and type 'smush' 
[2023-12-12 02:00:11 : INFO] - Processing task with ID : 23, and type 'smush' 
[2023-12-12 02:00:11 : INFO] - Re_Smush_It_Task - Attachment ID : 1425, Started on : December 12, 2023 01:56:00 
[2023-12-12 02:00:11 : INFO] - File: Black-White-1.png, Compression quality: 92 
[2023-12-12 02:00:12 : INFO] - Backing up the original image - 2023/12/Black-White-1-updraft-pre-smush-original.png 
[2023-12-12 02:00:15 : INFO] - There were no WebP conversion tools found on your server. 
[2023-12-12 02:00:15 : INFO] - Successfully optimized the image - C:\wamp64\www\merrybeeslayout-1/wp-content/uploads/2023/12/Black-White-1.png.The file was compressed from 89.52 KB to 38.13 KB, saving 57.4 percent, using WP-Optimize 
[2023-12-12 02:00:15 : INFO] - Completed processing task with ID : 23, and type 'smush' 
[2023-12-12 02:00:15 : INFO] - Processing task with ID : 24, and type 'smush' 
[2023-12-12 02:00:15 : INFO] - Re_Smush_It_Task - Attachment ID : 1426, Started on : December 12, 2023 01:56:00 
[2023-12-12 02:00:15 : INFO] - File: Black-White-2-copy.png, Compression quality: 92 
[2023-12-12 02:00:16 : INFO] - Backing up the original image - 2023/12/Black-White-2-copy-updraft-pre-smush-original.png 
[2023-12-12 02:00:19 : INFO] - There were no WebP conversion tools found on your server. 
[2023-12-12 02:00:19 : INFO] - Successfully optimized the image - C:\wamp64\www\merrybeeslayout-1/wp-content/uploads/2023/12/Black-White-2-copy.png.The file was compressed from 27.87 KB to 12.93 KB, saving 53.61 percent, using WP-Optimize 
[2023-12-12 02:00:19 : INFO] - Completed processing task with ID : 24, and type 'smush' 
[2023-12-12 02:00:19 : INFO] - Processing task with ID : 25, and type 'smush' 
[2023-12-12 02:00:19 : INFO] - Re_Smush_It_Task - Attachment ID : 1427, Started on : December 12, 2023 01:56:00 
[2023-12-12 02:00:19 : INFO] - File: client-1.png, Compression quality: 92 
[2023-12-12 02:00:20 : INFO] - Backing up the original image - 2023/12/client-1-updraft-pre-smush-original.png 
[2023-12-12 02:00:21 : INFO] - There were no WebP conversion tools found on your server. 
[2023-12-12 02:00:21 : INFO] - Successfully optimized the image - C:\wamp64\www\merrybeeslayout-1/wp-content/uploads/2023/12/client-1.png.The file was compressed from 16.03 KB to 7.62 KB, saving 52.48 percent, using WP-Optimize 
[2023-12-12 02:00:21 : INFO] - Completed processing task with ID : 25, and type 'smush' 
[2023-12-12 02:00:21 : INFO] - Processing task with ID : 26, and type 'smush' 
[2023-12-12 02:00:21 : INFO] - Re_Smush_It_Task - Attachment ID : 1428, Started on : December 12, 2023 01:56:01 
[2023-12-12 02:00:21 : INFO] - File: client-2.png, Compression quality: 92 
[2023-12-12 02:00:22 : INFO] - Backing up the original image - 2023/12/client-2-updraft-pre-smush-original.png 
[2023-12-12 02:00:23 : INFO] - There were no WebP conversion tools found on your server. 
[2023-12-12 02:00:23 : INFO] - Successfully optimized the image - C:\wamp64\www\merrybeeslayout-1/wp-content/uploads/2023/12/client-2.png.The file was compressed from 10.79 KB to 4.60 KB, saving 57.36 percent, using WP-Optimize 
[2023-12-12 02:00:23 : INFO] - Completed processing task with ID : 26, and type 'smush' 
[2023-12-12 02:00:23 : INFO] - Processing task with ID : 27, and type 'smush' 
[2023-12-12 02:00:23 : INFO] - Re_Smush_It_Task - Attachment ID : 1429, Started on : December 12, 2023 01:56:01 
[2023-12-12 02:00:23 : INFO] - File: client-3.png, Compression quality: 92 
[2023-12-12 02:00:24 : INFO] - Backing up the original image - 2023/12/client-3-updraft-pre-smush-original.png 
[2023-12-12 02:00:25 : INFO] - There were no WebP conversion tools found on your server. 
[2023-12-12 02:00:25 : INFO] - Successfully optimized the image - C:\wamp64\www\merrybeeslayout-1/wp-content/uploads/2023/12/client-3.png.The file was compressed from 12.23 KB to 5.17 KB, saving 57.72 percent, using WP-Optimize 
[2023-12-12 02:00:25 : INFO] - Completed processing task with ID : 27, and type 'smush' 
[2023-12-12 02:00:25 : INFO] - Processing task with ID : 28, and type 'smush' 
[2023-12-12 02:00:25 : INFO] - Re_Smush_It_Task - Attachment ID : 1430, Started on : December 12, 2023 01:56:01 
[2023-12-12 02:00:25 : INFO] - File: client-4.png, Compression quality: 92 
[2023-12-12 02:00:26 : INFO] - Backing up the original image - 2023/12/client-4-updraft-pre-smush-original.png 
[2023-12-12 02:00:27 : INFO] - There were no WebP conversion tools found on your server. 
[2023-12-12 02:00:27 : INFO] - Successfully optimized the image - C:\wamp64\www\merrybeeslayout-1/wp-content/uploads/2023/12/client-4.png.The file was compressed from 10.40 KB to 4.47 KB, saving 57.04 percent, using WP-Optimize 
[2023-12-12 02:00:27 : INFO] - Completed processing task with ID : 28, and type 'smush' 
[2023-12-12 02:00:27 : INFO] - Processing task with ID : 29, and type 'smush' 
[2023-12-12 02:00:27 : INFO] - Re_Smush_It_Task - Attachment ID : 1431, Started on : December 12, 2023 01:56:01 
[2023-12-12 02:00:27 : INFO] - File: client-5.png, Compression quality: 92 
[2023-12-12 02:00:28 : INFO] - Backing up the original image - 2023/12/client-5-updraft-pre-smush-original.png 
[2023-12-12 02:00:29 : INFO] - There were no WebP conversion tools found on your server. 
[2023-12-12 02:00:29 : INFO] - Successfully optimized the image - C:\wamp64\www\merrybeeslayout-1/wp-content/uploads/2023/12/client-5.png.The file was compressed from 12.16 KB to 5.11 KB, saving 57.97 percent, using WP-Optimize 
[2023-12-12 02:00:29 : INFO] - Completed processing task with ID : 29, and type 'smush' 
[2023-12-12 02:00:29 : INFO] - Processing task with ID : 30, and type 'smush' 
[2023-12-12 02:00:29 : INFO] - Re_Smush_It_Task - Attachment ID : 1432, Started on : December 12, 2023 01:56:01 
[2023-12-12 02:00:29 : INFO] - File: Wedding-Background.png, Compression quality: 92 
[2023-12-12 02:00:35 : INFO] - Backing up the original image - 2023/12/Wedding-Background-updraft-pre-smush-original.png 
[2023-12-12 02:00:51 : INFO] - There were no WebP conversion tools found on your server. 
[2023-12-12 02:00:51 : INFO] - Successfully optimized the image - C:\wamp64\www\merrybeeslayout-1/wp-content/uploads/2023/12/Wedding-Background.png.The file was compressed from 1.33 MB to 753.53 KB, saving 44.77 percent, using WP-Optimize 
[2023-12-12 02:00:51 : INFO] - Completed processing task with ID : 30, and type 'smush' 
[2023-12-12 02:00:51 : INFO] - Processing task with ID : 31, and type 'smush' 
[2023-12-12 02:00:51 : INFO] - Re_Smush_It_Task - Attachment ID : 1433, Started on : December 12, 2023 01:56:01 
[2023-12-12 02:00:51 : INFO] - File: testimonial-1-300x300-1.png, Compression quality: 92 
[2023-12-12 02:00:53 : INFO] - Backing up the original image - 2023/12/testimonial-1-300x300-1-updraft-pre-smush-original.png 
[2023-12-12 02:00:55 : INFO] - There were no WebP conversion tools found on your server. 
[2023-12-12 02:00:55 : INFO] - Successfully optimized the image - C:\wamp64\www\merrybeeslayout-1/wp-content/uploads/2023/12/testimonial-1-300x300-1.png.The file was compressed from 30.94 KB to 14.90 KB, saving 51.84 percent, using WP-Optimize 
[2023-12-12 02:00:55 : INFO] - Completed processing task with ID : 31, and type 'smush' 
[2023-12-12 02:00:55 : INFO] - Processing task with ID : 32, and type 'smush' 
[2023-12-12 02:00:55 : INFO] - Re_Smush_It_Task - Attachment ID : 1434, Started on : December 12, 2023 01:56:01 
[2023-12-12 02:00:55 : INFO] - File: testimonial-2-300x300-1.png, Compression quality: 92 
[2023-12-12 02:00:58 : INFO] - Backing up the original image - 2023/12/testimonial-2-300x300-1-updraft-pre-smush-original.png 
[2023-12-12 02:00:59 : INFO] - There were no WebP conversion tools found on your server. 
[2023-12-12 02:00:59 : INFO] - Successfully optimized the image - C:\wamp64\www\merrybeeslayout-1/wp-content/uploads/2023/12/testimonial-2-300x300-1.png.The file was compressed from 33.66 KB to 15.43 KB, saving 54.15 percent, using WP-Optimize 
[2023-12-12 02:00:59 : INFO] - Completed processing task with ID : 32, and type 'smush' 
[2023-12-12 02:00:59 : INFO] - Processing task with ID : 33, and type 'smush' 
[2023-12-12 02:00:59 : INFO] - Re_Smush_It_Task - Attachment ID : 1435, Started on : December 12, 2023 01:56:01 
[2023-12-12 02:00:59 : INFO] - File: testimonial-3-300x300-1.jpg, Compression quality: 92 
[2023-12-12 02:01:01 : INFO] - Backing up the original image - 2023/12/testimonial-3-300x300-1-updraft-pre-smush-original.jpg 
[2023-12-12 02:01:02 : INFO] - There were no WebP conversion tools found on your server. 
[2023-12-12 02:01:02 : INFO] - Successfully optimized the image - C:\wamp64\www\merrybeeslayout-1/wp-content/uploads/2023/12/testimonial-3-300x300-1.jpg.The file was compressed from 14.91 KB to 13.78 KB, saving 7.56 percent, using WP-Optimize 
[2023-12-12 02:01:02 : INFO] - Completed processing task with ID : 33, and type 'smush' 
[2023-12-12 02:01:02 : INFO] - Processing task with ID : 34, and type 'smush' 
[2023-12-12 02:01:02 : INFO] - Re_Smush_It_Task - Attachment ID : 1436, Started on : December 12, 2023 01:56:01 
[2023-12-12 02:01:02 : INFO] - File: merrymedia-logo-04.png, Compression quality: 92 
[2023-12-12 02:01:04 : INFO] - Backing up the original image - 2023/12/merrymedia-logo-04-updraft-pre-smush-original.png 
[2023-12-12 02:01:06 : INFO] - There were no WebP conversion tools found on your server. 
[2023-12-12 02:01:06 : INFO] - Successfully optimized the image - C:\wamp64\www\merrybeeslayout-1/wp-content/uploads/2023/12/merrymedia-logo-04.png.The file was compressed from 17.07 KB to 3.50 KB, saving 79.5 percent, using WP-Optimize 
[2023-12-12 02:01:06 : INFO] - Completed processing task with ID : 34, and type 'smush' 
[2023-12-12 02:01:06 : INFO] - Processing task with ID : 35, and type 'smush' 
[2023-12-12 02:01:06 : INFO] - Re_Smush_It_Task - Attachment ID : 1453, Started on : December 12, 2023 01:56:01 
[2023-12-12 02:01:06 : INFO] - File: excited-audience-watching-confetti-fireworks-having-fun-music-festival-night-copy-space-scaled.jpg, Compression quality: 92 
[2023-12-12 02:01:06 : INFO] - A total of 1 tasks of type smush found and will be processed in this iteration 
[2023-12-12 02:01:06 : INFO] - Lock (updraft_lock_smush, wp_options) acquired 
[2023-12-12 02:01:09 : INFO] - Task with ID 35 and type (smush) failed with error code could_not_lock - The task could not be locked 
[2023-12-12 02:01:09 : INFO] - Lock option (updraft_lock_smush, wp_options) released 
[2023-12-12 02:01:09 : INFO] - Successfully processed the queue (smush). 1 tasks were processed out of 1. 
[2023-12-12 02:01:09 : INFO] - Lock option (updraft_lock_smush, wp_options) was deleted from the database 
[2023-12-12 02:01:09 : INFO] - Cleaning up tasks of type (smush). A total of 14 tasks will be deleted. 
[2023-12-12 02:01:10 : INFO] - Backing up the original image - 2023/12/excited-audience-watching-confetti-fireworks-having-fun-music-festival-night-copy-space-scaled-updraft-pre-smush-original.jpg 
[2023-12-12 02:01:30 : INFO] - There were no WebP conversion tools found on your server. 
[2023-12-12 02:01:30 : INFO] - Successfully optimized the image - C:\wamp64\www\merrybeeslayout-1/wp-content/uploads/2023/12/excited-audience-watching-confetti-fireworks-having-fun-music-festival-night-copy-space-scaled.jpg.The file was compressed from 735.64 KB to 695.17 KB, saving 5.5 percent, using WP-Optimize 
[2023-12-12 02:01:30 : INFO] - Completed processing task with ID : 35, and type 'smush' 
[2023-12-12 02:01:30 : INFO] - Lock option (updraft_lock_smush, wp_options) released 
[2023-12-12 02:01:30 : INFO] - Successfully processed the queue (smush). 35 tasks were processed out of 35. 
[2023-12-12 02:01:30 : INFO] - Lock option (updraft_lock_smush, wp_options) was deleted from the database 
[2023-12-12 02:01:30 : INFO] - Cleaning up tasks of type (smush). A total of 1 tasks will be deleted. 
